\BOOKMARK [0][-]{section*.1}{Samenvatting}{}
\BOOKMARK [0][-]{chapter*.2}{Dankbetuiging}{}
\BOOKMARK [0][-]{chapter*.4}{Inleiding}{}
\BOOKMARK [0][-]{chapter*.5}{Onderzoek}{}
\BOOKMARK [1][-]{chapter*.6}{Situatieschets}{chapter*.5}
\BOOKMARK [1][-]{section*.7}{Doelstelling}{chapter*.5}
\BOOKMARK [1][-]{section*.8}{Probleemstelling}{chapter*.5}
\BOOKMARK [1][-]{section*.9}{Onderzoeksmethode}{chapter*.5}
\BOOKMARK [1][-]{section*.10}{Deelvragen}{chapter*.5}
\BOOKMARK [1][-]{section*.11}{Planning}{chapter*.5}
\BOOKMARK [0][-]{section*.12}{Problemen en oplossingen}{}
\BOOKMARK [1][-]{chapter*.13}{Het SSL-certificaat}{section*.12}
\BOOKMARK [1][-]{section*.14}{De Hogeschool Rotterdam en het MBO}{section*.12}
\BOOKMARK [1][-]{section*.15}{Navigatie}{section*.12}
\BOOKMARK [1][-]{section*.16}{Cijferregistratie}{section*.12}
\BOOKMARK [1][-]{section*.17}{Proxy instellingen}{section*.12}
\BOOKMARK [0][-]{section*.18}{Keuzes en deelvragen}{}
\BOOKMARK [1][-]{chapter*.19}{Blackboard vs N@tschool}{section*.18}
\BOOKMARK [1][-]{section*.20}{`Single Sign On'}{section*.18}
\BOOKMARK [1][-]{section*.21}{Plug-in of script}{section*.18}
\BOOKMARK [1][-]{section*.22}{Cijferregistratie}{section*.18}
\BOOKMARK [1][-]{section*.23}{HBO \046 MBO}{section*.18}
\BOOKMARK [1][-]{section*.24}{OS en andere belangrijke keuzes}{section*.18}
\BOOKMARK [0][-]{section*.25}{Conclusies en aanbevelingen}{}
\BOOKMARK [0][-]{chapter*.26}{Bronnen}{}
\BOOKMARK [0][-]{chapter*.27}{Evaluatie}{}
\BOOKMARK [0][-]{chapter*.28}{Bijlagen}{}
\BOOKMARK [0][-]{appendix.A}{Projecten MapleTA}{}
\BOOKMARK [0][-]{appendix.B}{Opzet MapleTA server}{}
