\BOOKMARK [0][-]{chapter*.1}{Inhoudsopgave}{}
\BOOKMARK [0][-]{chapter.2}{Inleiding}{}
\BOOKMARK [0][-]{chapter.3}{Het project}{}
\BOOKMARK [1][-]{section.4}{Antwoord kastje}{chapter.3}
\BOOKMARK [2][-]{subsection.5}{Microprocessor}{section.4}
\BOOKMARK [2][-]{subsection.6}{Knoppen}{section.4}
\BOOKMARK [2][-]{subsection.7}{RS485}{section.4}
\BOOKMARK [2][-]{subsection.8}{Voeding}{section.4}
\BOOKMARK [2][-]{subsection.9}{LEDs}{section.4}
\BOOKMARK [2][-]{subsection.10}{Overige componenten}{section.4}
\BOOKMARK [1][-]{section.11}{Computersoftware}{chapter.3}
\BOOKMARK [2][-]{subsection.12}{Vragen weergave}{section.11}
\BOOKMARK [2][-]{subsection.13}{Communicatie}{section.11}
\BOOKMARK [0][-]{chapter.14}{RS485}{}
\BOOKMARK [0][-]{chapter.15}{Project verloop}{}
\BOOKMARK [1][-]{section.16}{Eerste onderzoek}{chapter.15}
\BOOKMARK [1][-]{section.17}{Ontwerp}{chapter.15}
\BOOKMARK [1][-]{section.18}{Computer programma}{chapter.15}
\BOOKMARK [1][-]{section.19}{Electronica}{chapter.15}
\BOOKMARK [1][-]{section.20}{Eindresultaat}{chapter.15}
